>> Start of import procedure. Date:  Thu Oct 4 11:59:25 CEST 2018
dos2unix: converting file 0001-director_datafield.sql to Unix format ...
[+] Start SQL injection of file: 0001-director_datafield.sql
dos2unix: converting file 0002-director_commands.sh to Unix format ...
[+] Start script import of file: 0002-director_commands.sh
dos2unix: converting file 0011-generic_host_templates.sh to Unix format ...
[+] Start script import of file: 0011-generic_host_templates.sh
Generic Host Templates created
dos2unix: converting file 0012-generic_host_templates_template2datafield.sql to Unix format ...
[+] Start SQL injection of file: 0012-generic_host_templates_template2datafield.sql
dos2unix: converting file 0021-generic_service_templates.sh to Unix format ...
[+] Start script import of file: 0021-generic_service_templates.sh
Service Templates created
dos2unix: converting file 0022-generic_service_templates2datafield.sql to Unix format ...
[+] Start SQL injection of file: 0022-generic_service_templates2datafield.sql
dos2unix: converting file 0031-generic_business_process.sh to Unix format ...
[+] Start script import of file: 0031-generic_business_process.sh
Generic Business Process created
dos2unix: converting file 0032-generic_business_process2datafield.sql to Unix format ...
[+] Start SQL injection of file: 0032-generic_business_process2datafield.sql
dos2unix: converting file 1001a-st_neteye.sh to Unix format ...
[+] Start script import of file: 1001a-st_neteye.sh
Generic NetEye Service Templates created
dos2unix: converting file 1001c-ss_neteye_health.sh to Unix format ...
[+] Start script import of file: 1001c-ss_neteye_health.sh
dos2unix: converting file 1011a-st_http.sh to Unix format ...
[+] Start script import of file: 1011a-st_http.sh
dos2unix: converting file 1011b-s2f_http.sql to Unix format ...
[+] Start SQL injection of file: 1011b-s2f_http.sql
dos2unix: converting file 2011a-st_win_agent_basic.sh to Unix format ...
[+] Start script import of file: 2011a-st_win_agent_basic.sh
Services created
dos2unix: converting file 2011b-s2f_win_agent_basic.sql to Unix format ...
[+] Start SQL injection of file: 2011b-s2f_win_agent_basic.sql
dos2unix: converting file 2011c-ss_win_agent_OS-Basic.sh to Unix format ...
[+] Start script import of file: 2011c-ss_win_agent_OS-Basic.sh
dos2unix: converting file 2012a-st_win_agent_OS-Performance.sh to Unix format ...
[+] Start script import of file: 2012a-st_win_agent_OS-Performance.sh
Done: 2012a-st_win_agent_OS-Performance
dos2unix: converting file 2012c-ss_win_agent_OS-Performance.sh to Unix format ...
[+] Start script import of file: 2012c-ss_win_agent_OS-Performance.sh
dos2unix: converting file 2013a-st_win_agent_extra.sh to Unix format ...
[+] Start script import of file: 2013a-st_win_agent_extra.sh
dos2unix: converting file 2013b-s2f_win_agent_extra.sql to Unix format ...
[+] Start SQL injection of file: 2013b-s2f_win_agent_extra.sql
dos2unix: converting file 2021a-st_win_mssql-server.sh to Unix format ...
[+] Start script import of file: 2021a-st_win_mssql-server.sh
MSSQL Services created
dos2unix: converting file 2021b-s2f_win_mssql-server.sql to Unix format ...
[+] Start SQL injection of file: 2021b-s2f_win_mssql-server.sql
dos2unix: converting file 2021c-ss_win_mssql-server.sh to Unix format ...
[+] Start script import of file: 2021c-ss_win_mssql-server.sh
dos2unix: converting file 2031a-st_win_exchange.sh to Unix format ...
[+] Start script import of file: 2031a-st_win_exchange.sh
[+] All Service Templates for Microsoft Exchange created
dos2unix: converting file 2031b-s2f_win_exchange.sql to Unix format ...
[+] Start SQL injection of file: 2031b-s2f_win_exchange.sql
dos2unix: converting file 2031c-ss_win_exchange.sh to Unix format ...
[+] Start script import of file: 2031c-ss_win_exchange.sh
dos2unix: converting file 2051a-st_win_agent_AX-AOS.sh to Unix format ...
[+] Start script import of file: 2051a-st_win_agent_AX-AOS.sh
Service 'Agent_WinCnt_AOS_Active_Sessions' does not exists
ERROR: RuntimeException in /usr/share/icingaweb2/modules/director/library/Director/Cli/Command.php:50 with message: Invalid JSON: Syntax error
Service 'Agent_Win_Counter_AOS_NUMBER OF BYTES RECEIVED BY SERVER' does not exists
ERROR: RuntimeException in /usr/share/icingaweb2/modules/director/library/Director/Cli/Command.php:50 with message: Invalid JSON: Syntax error
Service 'Agent_Win_Counter_AOS_NUMBER OF BYTES SENT BY SERVER' does not exists
ERROR: RuntimeException in /usr/share/icingaweb2/modules/director/library/Director/Cli/Command.php:50 with message: Invalid JSON: Syntax error
Service 'Agent_Win_Counter_AOS_NUMBER OF CLIENT REQUESTS' does not exists
ERROR: RuntimeException in /usr/share/icingaweb2/modules/director/library/Director/Cli/Command.php:50 with message: Invalid JSON: Syntax error
Service 'Agent_Win_Counter_AOS_NUMBER OF CLIENT REQUESTS PER SECOND' does not exists
ERROR: RuntimeException in /usr/share/icingaweb2/modules/director/library/Director/Cli/Command.php:50 with message: Invalid JSON: Syntax error
AX-AOS Service templates created
dos2unix: converting file 3001a-st_vmware_esx.sh to Unix format ...
[+] Start script import of file: 3001a-st_vmware_esx.sh
[+] Services VMWare  / ESX created
dos2unix: converting file 4001a-st_linux_agent-OS-Basic.sh to Unix format ...
[+] Start script import of file: 4001a-st_linux_agent-OS-Basic.sh
Service 'Agent_Linux_Diskspace' does not exists
Service '' has been created
dos2unix: converting file 4011a-st_linux_agent-debian.sh to Unix format ...
[+] Start script import of file: 4011a-st_linux_agent-debian.sh
Service 'Agent_Debian_APT-Update_available' does not exists
Service '' has been created
dos2unix: converting file 5001-snmp_commands.sh to Unix format ...
[+] Start script import of file: 5001-snmp_commands.sh
dos2unix: converting file 5010a-st_cisco_snmp_hw.sh to Unix format ...
[+] Start script import of file: 5010a-st_cisco_snmp_hw.sh
Service 'SNMP_Cisco_HW' does not exists
Service '' has been created
Service 'SNMP_Cisco_HW_Temperature' does not exists
Service '' has been created
Service 'SNMP_Cisco_HW_Fans' does not exists
Service '' has been created
Service 'SNMP_Cisco_HW_PowerSupply' does not exists
Service '' has been created
Service 'SNMP_Cisco_HW_CPU' does not exists
Service '' has been created
Service 'SNMP_Cisco_HW_MEM' does not exists
Service '' has been created
SNMP Cisco Services created
dos2unix: converting file 5010b-s2f_cisco_snmp_hw.sql to Unix format ...
[+] Start SQL injection of file: 5010b-s2f_cisco_snmp_hw.sql
dos2unix: converting file LICENSE to Unix format ...
dos2unix: converting file README.md to Unix format ...
dos2unix: converting file results.txt to Unix format ...
